#
# There is insufficient memory for the Java Runtime Environment to continue.
# Native memory allocation (mmap) failed to map 257949696 bytes. Error detail: G1 virtual space
# Possible reasons:
#   The system is out of physical RAM or swap space
#   This process is running with CompressedOops enabled, and the Java Heap may be blocking the growth of the native heap
# Possible solutions:
#   Reduce memory load on the system
#   Increase physical memory or swap space
#   Check if swap backing store is full
#   Decrease Java heap size (-Xmx/-Xms)
#   Decrease number of Java threads
#   Decrease Java thread stack sizes (-Xss)
#   Set larger code cache with -XX:ReservedCodeCacheSize=
#   JVM is running with Zero Based Compressed Oops mode in which the Java heap is
#     placed in the first 32GB address space. The Java Heap base address is the
#     maximum limit for the native heap growth. Please use -XX:HeapBaseMinAddress
#     to set the Java Heap base and to place the Java Heap above 32GB virtual address.
# This output file may be truncated or incomplete.
#
#  Out of Memory Error (os_windows.cpp:3631), pid=8108, tid=17388
#
# JRE version:  (22.0.1+8) (build )
# Java VM: Java HotSpot(TM) 64-Bit Server VM (22.0.1+8-16, mixed mode, sharing, tiered, compressed oops, compressed class ptrs, g1 gc, windows-amd64)
# No core dump will be written. Minidumps are not enabled by default on client versions of Windows
#

---------------  S U M M A R Y ------------

Command Line: -javaagent:C:\Program Files\JetBrains\IntelliJ IDEA Community Edition 2024.1.4\lib\idea_rt.jar=61173:C:\Program Files\JetBrains\IntelliJ IDEA Community Edition 2024.1.4\bin -Dfile.encoding=UTF-8 -Dsun.stdout.encoding=UTF-8 -Dsun.stderr.encoding=UTF-8 C

Host: AMD Ryzen 7 7730U with Radeon Graphics         , 16 cores, 15G,  Windows 11 , 64 bit Build 26100 (10.0.26100.3037)
Time: Sun Feb  9 21:32:08 2025 India Standard Time elapsed time: 1.848452 seconds (0d 0h 0m 1s)

---------------  T H R E A D  ---------------

Current thread (0x00000223f4425190):  JavaThread "Unknown thread" [_thread_in_vm, id=17388, stack(0x000000980aa00000,0x000000980ab00000) (1024K)]

Stack: [0x000000980aa00000,0x000000980ab00000]
Native frames: (J=compiled Java code, j=interpreted, Vv=VM code, C=native code)
V  [jvm.dll+0x6e2279]  (no source info available)
V  [jvm.dll+0x874e33]  (no source info available)
V  [jvm.dll+0x87725e]  (no source info available)
V  [jvm.dll+0x877933]  (no source info available)
V  [jvm.dll+0x27fd76]  (no source info available)
V  [jvm.dll+0x6de915]  (no source info available)
V  [jvm.dll+0x6d341a]  (no source info available)
V  [jvm.dll+0x3589da]  (no source info available)
V  [jvm.dll+0x360f06]  (no source info available)
V  [jvm.dll+0x3b3e2e]  (no source info available)
V  [jvm.dll+0x3b40d8]  (no source info available)
V  [jvm.dll+0x32c59c]  (no source info available)
V  [jvm.dll+0x32d158]  (no source info available)
V  [jvm.dll+0x83ccdc]  (no source info available)
V  [jvm.dll+0x3c0d71]  (no source info available)
V  [jvm.dll+0x825ccc]  (no source info available)
V  [jvm.dll+0x45b8fe]  (no source info available)
V  [jvm.dll+0x45d781]  (no source info available)
C  [jli.dll+0x52a3]  (no source info available)
C  [ucrtbase.dll+0x37b0]  (no source info available)
C  [KERNEL32.DLL+0x2e8d7]  (no source info available)
C  [ntdll.dll+0xbbf2c]  (no source info available)


---------------  P R O C E S S  ---------------

Threads class SMR info:
_java_thread_list=0x00007ff9d86db1c8, length=0, elements={
}

Java Threads: ( => current thread )
Total: 0

Other Threads:
  0x00000223f5e1d220 WorkerThread "GC Thread#0"                     [id=20932, stack(0x000000980ab00000,0x000000980ac00000) (1024K)]
  0x00000223f5e2e730 ConcurrentGCThread "G1 Main Marker"            [id=11152, stack(0x000000980ac00000,0x000000980ad00000) (1024K)]
  0x00000223f5e2f9e0 WorkerThread "G1 Conc#0"                       [id=23604, stack(0x000000980ad00000,0x000000980ae00000) (1024K)]

[error occurred during error reporting (printing all threads), id 0xc0000005, EXCEPTION_ACCESS_VIOLATION (0xc0000005) at pc=0x00007ff9d7e2f367]
VM state: not at safepoint (not fully initialized)

VM Mutex/Monitor currently owned by a thread:  ([mutex/lock_event])
[0x00007ff9d875bcb8] Heap_lock - owner thread: 0x00000223f4425190

Heap address: 0x000000070a800000, size: 3928 MB, Compressed Oops mode: Zero based, Oop shift amount: 3

CDS archive(s) mapped at: [0x0000000000000000-0x0000000000000000-0x0000000000000000), size 0, SharedBaseAddress: 0x0000000800000000, ArchiveRelocationMode: 1.
Narrow klass base: 0x0000000000000000, Narrow klass shift: 0, Narrow klass range: 0x0

GC Precious Log:
 CardTable entry size: 512
 Card Set container configuration: InlinePtr #cards 4 size 8 Array Of Cards #cards 16 size 48 Howl #buckets 8 coarsen threshold 3686 Howl Bitmap #cards 512 size 80 coarsen threshold 460 Card regions per heap region 1 cards per card region 4096

Heap:
 garbage-first heap   total reserved 4022272K, committed 0K, used 0K [0x000000070a800000, 0x0000000800000000)
  region size 2048K, 0 young (0K), 0 survivors (0K)

[error occurred during error reporting (printing heap information), id 0xc0000005, EXCEPTION_ACCESS_VIOLATION (0xc0000005) at pc=0x00007ff9d822e429]
GC Heap History (0 events):
No events

Dll operation events (1 events):
Event: 0.019 Loaded shared library C:\Program Files\Java\jdk-22\bin\java.dll

Deoptimization events (0 events):
No events

Classes loaded (0 events):
No events

Classes unloaded (0 events):
No events

Classes redefined (0 events):
No events

Internal exceptions (0 events):
No events

ZGC Phase Switch (0 events):
No events

VM Operations (0 events):
No events

Events (0 events):
No events


Dynamic libraries:
0x00007ff6e77a0000 - 0x00007ff6e77b0000 	C:\Program Files\Java\jdk-22\bin\java.exe
0x00007ffa2f9c0000 - 0x00007ffa2fc23000 	C:\WINDOWS\SYSTEM32\ntdll.dll
0x00007ffa2ea10000 - 0x00007ffa2ead7000 	C:\WINDOWS\System32\KERNEL32.DLL
0x00007ffa2cd60000 - 0x00007ffa2d127000 	C:\WINDOWS\System32\KERNELBASE.dll
0x00007ffa2d2b0000 - 0x00007ffa2d3fc000 	C:\WINDOWS\System32\ucrtbase.dll
0x00007ffa266a0000 - 0x00007ffa266b7000 	C:\Program Files\Java\jdk-22\bin\jli.dll
0x00007ffa26e10000 - 0x00007ffa26e2b000 	C:\Program Files\Java\jdk-22\bin\VCRUNTIME140.dll
0x00007ffa2d860000 - 0x00007ffa2d914000 	C:\WINDOWS\System32\ADVAPI32.dll
0x00007ffa2e2a0000 - 0x00007ffa2e349000 	C:\WINDOWS\System32\msvcrt.dll
0x00007ffa2f7b0000 - 0x00007ffa2f856000 	C:\WINDOWS\System32\sechost.dll
0x00007ffa2f860000 - 0x00007ffa2f976000 	C:\WINDOWS\System32\RPCRT4.dll
0x00007ffa2e4d0000 - 0x00007ffa2e699000 	C:\WINDOWS\System32\USER32.dll
0x00007ffa2d7d0000 - 0x00007ffa2d7f7000 	C:\WINDOWS\System32\win32u.dll
0x00007ffa2bf40000 - 0x00007ffa2c1d0000 	C:\WINDOWS\WinSxS\amd64_microsoft.windows.common-controls_6595b64144ccf1df_6.0.26100.3037_none_3e09262ce333c378\COMCTL32.dll
0x00007ffa2e800000 - 0x00007ffa2e82a000 	C:\WINDOWS\System32\GDI32.dll
0x00007ffa2d610000 - 0x00007ffa2d73b000 	C:\WINDOWS\System32\gdi32full.dll
0x00007ffa2d400000 - 0x00007ffa2d4a3000 	C:\WINDOWS\System32\msvcp_win.dll
0x00007ffa24910000 - 0x00007ffa2491b000 	C:\WINDOWS\SYSTEM32\VERSION.dll
0x00007ffa2f2e0000 - 0x00007ffa2f30f000 	C:\WINDOWS\System32\IMM32.DLL
0x00007ffa27360000 - 0x00007ffa2736c000 	C:\Program Files\Java\jdk-22\bin\vcruntime140_1.dll
0x00007ffa15310000 - 0x00007ffa1539e000 	C:\Program Files\Java\jdk-22\bin\msvcp140.dll
0x00007ff9d7af0000 - 0x00007ff9d8837000 	C:\Program Files\Java\jdk-22\bin\server\jvm.dll
0x00007ffa2d920000 - 0x00007ffa2d994000 	C:\WINDOWS\System32\WS2_32.dll
0x00007ffa2cbf0000 - 0x00007ffa2cc3e000 	C:\WINDOWS\SYSTEM32\POWRPROF.dll
0x00007ffa248d0000 - 0x00007ffa24906000 	C:\WINDOWS\SYSTEM32\WINMM.dll
0x00007ffa2cb20000 - 0x00007ffa2cb34000 	C:\WINDOWS\SYSTEM32\UMPDC.dll
0x00007ffa2b260000 - 0x00007ffa2b27a000 	C:\WINDOWS\SYSTEM32\kernel.appcore.dll
0x00007ffa272e0000 - 0x00007ffa272ea000 	C:\Program Files\Java\jdk-22\bin\jimage.dll
0x00007ffa2c520000 - 0x00007ffa2c761000 	C:\WINDOWS\SYSTEM32\DBGHELP.DLL
0x00007ffa2edb0000 - 0x00007ffa2f12e000 	C:\WINDOWS\System32\combase.dll
0x00007ffa2f170000 - 0x00007ffa2f246000 	C:\WINDOWS\System32\OLEAUT32.dll
0x00007ffa2c3e0000 - 0x00007ffa2c419000 	C:\WINDOWS\SYSTEM32\dbgcore.DLL
0x00007ffa2d4b0000 - 0x00007ffa2d549000 	C:\WINDOWS\System32\bcryptPrimitives.dll
0x00007ffa1ffd0000 - 0x00007ffa1ffdf000 	C:\Program Files\Java\jdk-22\bin\instrument.dll
0x00007ffa1ffb0000 - 0x00007ffa1ffce000 	C:\Program Files\Java\jdk-22\bin\java.dll
0x00007ffa2db40000 - 0x00007ffa2e244000 	C:\WINDOWS\System32\SHELL32.dll
0x00007ffa2eb60000 - 0x00007ffa2ecf5000 	C:\WINDOWS\System32\ole32.dll

dbghelp: loaded successfully - version: 4.0.5 - missing functions: none
symbol engine: initialized successfully - sym options: 0x614 - pdb path: .;C:\Program Files\Java\jdk-22\bin;C:\WINDOWS\SYSTEM32;C:\WINDOWS\WinSxS\amd64_microsoft.windows.common-controls_6595b64144ccf1df_6.0.26100.3037_none_3e09262ce333c378;C:\Program Files\Java\jdk-22\bin\server

VM Arguments:
jvm_args: -javaagent:C:\Program Files\JetBrains\IntelliJ IDEA Community Edition 2024.1.4\lib\idea_rt.jar=61173:C:\Program Files\JetBrains\IntelliJ IDEA Community Edition 2024.1.4\bin -Dfile.encoding=UTF-8 -Dsun.stdout.encoding=UTF-8 -Dsun.stderr.encoding=UTF-8 
java_command: C
java_class_path (initial): C:\Users\Sahil Kamble\OneDrive\Pictures\Documents\Apna College\codeforces\out\production\1003Div4
Launcher Type: SUN_STANDARD

[Global flags]
     intx CICompilerCount                          = 12                                        {product} {ergonomic}
     uint ConcGCThreads                            = 3                                         {product} {ergonomic}
     uint G1ConcRefinementThreads                  = 13                                        {product} {ergonomic}
   size_t G1HeapRegionSize                         = 2097152                                   {product} {ergonomic}
   size_t InitialHeapSize                          = 257949696                                 {product} {ergonomic}
   size_t MarkStackSize                            = 4194304                                   {product} {ergonomic}
   size_t MaxHeapSize                              = 4118806528                                {product} {ergonomic}
   size_t MinHeapDeltaBytes                        = 2097152                                   {product} {ergonomic}
   size_t MinHeapSize                              = 8388608                                   {product} {ergonomic}
    uintx NonNMethodCodeHeapSize                   = 7602480                                {pd product} {ergonomic}
    uintx NonProfiledCodeHeapSize                  = 122027880                              {pd product} {ergonomic}
    uintx ProfiledCodeHeapSize                     = 122027880                              {pd product} {ergonomic}
    uintx ReservedCodeCacheSize                    = 251658240                              {pd product} {ergonomic}
     bool SegmentedCodeCache                       = true                                      {product} {ergonomic}
   size_t SoftMaxHeapSize                          = 4118806528                             {manageable} {ergonomic}
     bool UseCompressedOops                        = true                           {product lp64_product} {ergonomic}
     bool UseG1GC                                  = true                                      {product} {ergonomic}
     bool UseLargePagesIndividualAllocation        = false                                  {pd product} {ergonomic}

Logging:
Log output configuration:
 #0: stdout all=warning uptime,level,tags foldmultilines=false
 #1: stderr all=off uptime,level,tags foldmultilines=false

Environment Variables:
JAVA_HOME=C:\Program Files\Java\jdk-22
PATH=C:\Python312\Scripts\;C:\Python312\;C:\Program Files\Common Files\Oracle\Java\javapath;C:\WINDOWS\system32;C:\WINDOWS;C:\WINDOWS\System32\Wbem;C:\WINDOWS\System32\WindowsPowerShell\v1.0\;C:\WINDOWS\System32\OpenSSH\;C:\MinGW\bin;C:\Program Files\Java\jdk-22\bin;C:\Program Files\nodejs\node_modules\npm\bin;C:\Program Files\Git\cmd;C:\Program Files\Git\mingw64\bin;C:\Program Files\Git\usr\bin;C:\ProgramData\chocolatey\bin;C:\Program Files\nodejs\;C:\Program Files\MySQL\MySQL Shell 8.0\bin\;C:\Users\Sahil Kamble\AppData\Local\Microsoft\WindowsApps;;C:\Users\Sahil Kamble\AppData\Local\Programs\Microsoft VS Code\bin;C:\Program Files\JetBrains\IntelliJ IDEA Community Edition 2024.1.4\bin;;C:\Users\Sahil Kamble\AppData\Roaming\npm;C:\Users\Sahil Kamble\AppData\Local\Programs\mongosh\
USERNAME=Sahil Kamble
OS=Windows_NT
PROCESSOR_IDENTIFIER=AMD64 Family 25 Model 80 Stepping 0, AuthenticAMD
TMP=C:\Users\SAHILK~1\AppData\Local\Temp
TEMP=C:\Users\SAHILK~1\AppData\Local\Temp




Periodic native trim disabled

---------------  S Y S T E M  ---------------

OS:
 Windows 11 , 64 bit Build 26100 (10.0.26100.3037)
OS uptime: 0 days 3:46 hours
Hyper-V role detected

CPU: total 16 (initial active 16) (16 cores per cpu, 2 threads per core) family 25 model 80 stepping 0 microcode 0xa50000f, cx8, cmov, fxsr, ht, mmx, 3dnowpref, sse, sse2, sse3, ssse3, sse4a, sse4.1, sse4.2, popcnt, lzcnt, tsc, tscinvbit, avx, avx2, aes, erms, clmul, bmi1, bmi2, adx, sha, fma, vzeroupper, clflush, clflushopt, hv, rdtscp, rdpid, fsrm, f16c, cet_ss
Processor Information for all 16 processors :
  Max Mhz: 2000, Current Mhz: 2000, Mhz Limit: 2000

Memory: 4k page, system-wide physical 15711M (661M free)
TotalPageFile size 64863M (AvailPageFile size 156M)
current process WorkingSet (physical memory assigned to process): 13M, peak: 13M
current process commit charge ("private bytes"): 71M, peak: 317M

vm_info: Java HotSpot(TM) 64-Bit Server VM (22.0.1+8-16) for windows-amd64 JRE (22.0.1+8-16), built on 2024-03-12T10:33:16Z by "mach5one" with MS VC++ 17.6 (VS2022)

END.
