#
# There is insufficient memory for the Java Runtime Environment to continue.
# Native memory allocation (mmap) failed to map 257949696 bytes. Error detail: G1 virtual space
# Possible reasons:
#   The system is out of physical RAM or swap space
#   This process is running with CompressedOops enabled, and the Java Heap may be blocking the growth of the native heap
# Possible solutions:
#   Reduce memory load on the system
#   Increase physical memory or swap space
#   Check if swap backing store is full
#   Decrease Java heap size (-Xmx/-Xms)
#   Decrease number of Java threads
#   Decrease Java thread stack sizes (-Xss)
#   Set larger code cache with -XX:ReservedCodeCacheSize=
#   JVM is running with Zero Based Compressed Oops mode in which the Java heap is
#     placed in the first 32GB address space. The Java Heap base address is the
#     maximum limit for the native heap growth. Please use -XX:HeapBaseMinAddress
#     to set the Java Heap base and to place the Java Heap above 32GB virtual address.
# This output file may be truncated or incomplete.
#
#  Out of Memory Error (os_windows.cpp:3631), pid=22860, tid=14980
#
# JRE version:  (22.0.1+8) (build )
# Java VM: Java HotSpot(TM) 64-Bit Server VM (22.0.1+8-16, mixed mode, sharing, tiered, compressed oops, compressed class ptrs, g1 gc, windows-amd64)
# No core dump will be written. Minidumps are not enabled by default on client versions of Windows
#

---------------  S U M M A R Y ------------

Command Line: -XX:+ShowCodeDetailsInExceptionMessages Buttons

Host: AMD Ryzen 7 7730U with Radeon Graphics         , 16 cores, 15G,  Windows 11 , 64 bit Build 26100 (10.0.26100.3323)
Time: Wed Mar 12 22:18:04 2025 India Standard Time elapsed time: 2.112542 seconds (0d 0h 0m 2s)

---------------  T H R E A D  ---------------

Current thread (0x000002b7c71b4be0):  JavaThread "Unknown thread" [_thread_in_vm, id=14980, stack(0x000000e98a200000,0x000000e98a300000) (1024K)]

Stack: [0x000000e98a200000,0x000000e98a300000]
Native frames: (J=compiled Java code, j=interpreted, Vv=VM code, C=native code)
V  [jvm.dll+0x6e2279]  (no source info available)
V  [jvm.dll+0x874e33]  (no source info available)
V  [jvm.dll+0x87725e]  (no source info available)
V  [jvm.dll+0x877933]  (no source info available)
V  [jvm.dll+0x27fd76]  (no source info available)
V  [jvm.dll+0x6de915]  (no source info available)
V  [jvm.dll+0x6d341a]  (no source info available)
V  [jvm.dll+0x3589da]  (no source info available)
V  [jvm.dll+0x360f06]  (no source info available)
V  [jvm.dll+0x3b3e2e]  (no source info available)
V  [jvm.dll+0x3b40d8]  (no source info available)
V  [jvm.dll+0x32c59c]  (no source info available)
V  [jvm.dll+0x32d158]  (no source info available)
V  [jvm.dll+0x83ccdc]  (no source info available)
V  [jvm.dll+0x3c0d71]  (no source info available)
V  [jvm.dll+0x825ccc]  (no source info available)
V  [jvm.dll+0x45b8fe]  (no source info available)
V  [jvm.dll+0x45d781]  (no source info available)
C  [jli.dll+0x52a3]  (no source info available)
C  [ucrtbase.dll+0x37b0]  (no source info available)
C  [KERNEL32.DLL+0x2e8d7]  (no source info available)
C  [ntdll.dll+0xbbf6c]  (no source info available)


---------------  P R O C E S S  ---------------

Threads class SMR info:
_java_thread_list=0x00007ffb1030b1c8, length=0, elements={
}

Java Threads: ( => current thread )
Total: 0

Other Threads:
  0x000002b7c8c94840 WorkerThread "GC Thread#0"                     [id=20132, stack(0x000000e98a300000,0x000000e98a400000) (1024K)]
  0x000002b7c8ca6370 ConcurrentGCThread "G1 Main Marker"            [id=16140, stack(0x000000e98a400000,0x000000e98a500000) (1024K)]
  0x000002b7c8ca6d80 WorkerThread "G1 Conc#0"                       [id=20280, stack(0x000000e98a500000,0x000000e98a600000) (1024K)]

[error occurred during error reporting (printing all threads), id 0xc0000005, EXCEPTION_ACCESS_VIOLATION (0xc0000005) at pc=0x00007ffb0fa5f367]
VM state: not at safepoint (not fully initialized)

VM Mutex/Monitor currently owned by a thread:  ([mutex/lock_event])
[0x00007ffb1038bcb8] Heap_lock - owner thread: 0x000002b7c71b4be0

Heap address: 0x000000070a800000, size: 3928 MB, Compressed Oops mode: Zero based, Oop shift amount: 3

CDS archive(s) mapped at: [0x0000000000000000-0x0000000000000000-0x0000000000000000), size 0, SharedBaseAddress: 0x0000000800000000, ArchiveRelocationMode: 1.
Narrow klass base: 0x0000000000000000, Narrow klass shift: 0, Narrow klass range: 0x0

GC Precious Log:
 CardTable entry size: 512
 Card Set container configuration: InlinePtr #cards 4 size 8 Array Of Cards #cards 16 size 48 Howl #buckets 8 coarsen threshold 3686 Howl Bitmap #cards 512 size 80 coarsen threshold 460 Card regions per heap region 1 cards per card region 4096

Heap:
 garbage-first heap   total reserved 4022272K, committed 0K, used 0K [0x000000070a800000, 0x0000000800000000)
  region size 2048K, 0 young (0K), 0 survivors (0K)

[error occurred during error reporting (printing heap information), id 0xc0000005, EXCEPTION_ACCESS_VIOLATION (0xc0000005) at pc=0x00007ffb0fe5e429]
GC Heap History (0 events):
No events

Dll operation events (1 events):
Event: 0.053 Loaded shared library C:\Program Files\Java\jdk-22\bin\java.dll

Deoptimization events (0 events):
No events

Classes loaded (0 events):
No events

Classes unloaded (0 events):
No events

Classes redefined (0 events):
No events

Internal exceptions (0 events):
No events

ZGC Phase Switch (0 events):
No events

VM Operations (0 events):
No events

Events (0 events):
No events


Dynamic libraries:
0x00007ff6dea00000 - 0x00007ff6dea10000 	C:\Program Files\Java\jdk-22\bin\java.exe
0x00007ffb8b260000 - 0x00007ffb8b4c3000 	C:\WINDOWS\SYSTEM32\ntdll.dll
0x00007ffb8a1c0000 - 0x00007ffb8a287000 	C:\WINDOWS\System32\KERNEL32.DLL
0x00007ffb88680000 - 0x00007ffb88a49000 	C:\WINDOWS\System32\KERNELBASE.dll
0x00007ffb88cf0000 - 0x00007ffb88e3c000 	C:\WINDOWS\System32\ucrtbase.dll
0x00007ffb607f0000 - 0x00007ffb6080b000 	C:\Program Files\Java\jdk-22\bin\VCRUNTIME140.dll
0x00007ffb5cd10000 - 0x00007ffb5cd27000 	C:\Program Files\Java\jdk-22\bin\jli.dll
0x00007ffb8adb0000 - 0x00007ffb8ae62000 	C:\WINDOWS\System32\ADVAPI32.dll
0x00007ffb8ae70000 - 0x00007ffb8af19000 	C:\WINDOWS\System32\msvcrt.dll
0x00007ffb8a0c0000 - 0x00007ffb8a166000 	C:\WINDOWS\System32\sechost.dll
0x00007ffb8af20000 - 0x00007ffb8b036000 	C:\WINDOWS\System32\RPCRT4.dll
0x00007ffb8a5f0000 - 0x00007ffb8a7ba000 	C:\WINDOWS\System32\USER32.dll
0x00007ffb88a50000 - 0x00007ffb88a77000 	C:\WINDOWS\System32\win32u.dll
0x00007ffb6d090000 - 0x00007ffb6d320000 	C:\WINDOWS\WinSxS\amd64_microsoft.windows.common-controls_6595b64144ccf1df_6.0.26100.3323_none_3e088096e3344490\COMCTL32.dll
0x00007ffb8a5c0000 - 0x00007ffb8a5ea000 	C:\WINDOWS\System32\GDI32.dll
0x00007ffb88a80000 - 0x00007ffb88bb1000 	C:\WINDOWS\System32\gdi32full.dll
0x00007ffb88460000 - 0x00007ffb88503000 	C:\WINDOWS\System32\msvcp_win.dll
0x00007ffb7f810000 - 0x00007ffb7f81b000 	C:\WINDOWS\SYSTEM32\VERSION.dll
0x00007ffb8a7d0000 - 0x00007ffb8a7ff000 	C:\WINDOWS\System32\IMM32.DLL
0x00007ffb81800000 - 0x00007ffb8180c000 	C:\Program Files\Java\jdk-22\bin\vcruntime140_1.dll
0x00007ffb45d00000 - 0x00007ffb45d8e000 	C:\Program Files\Java\jdk-22\bin\msvcp140.dll
0x00007ffb0f720000 - 0x00007ffb10467000 	C:\Program Files\Java\jdk-22\bin\server\jvm.dll
0x00007ffb89800000 - 0x00007ffb89874000 	C:\WINDOWS\System32\WS2_32.dll
0x00007ffb88130000 - 0x00007ffb8817e000 	C:\WINDOWS\SYSTEM32\POWRPROF.dll
0x00007ffb76890000 - 0x00007ffb768c6000 	C:\WINDOWS\SYSTEM32\WINMM.dll
0x00007ffb88110000 - 0x00007ffb88124000 	C:\WINDOWS\SYSTEM32\UMPDC.dll
0x00007ffb87280000 - 0x00007ffb8729a000 	C:\WINDOWS\SYSTEM32\kernel.appcore.dll
0x00007ffb6b820000 - 0x00007ffb6b82a000 	C:\Program Files\Java\jdk-22\bin\jimage.dll
0x00007ffb85e70000 - 0x00007ffb860b1000 	C:\WINDOWS\SYSTEM32\DBGHELP.DLL
0x00007ffb8a940000 - 0x00007ffb8acc2000 	C:\WINDOWS\System32\combase.dll
0x00007ffb8acd0000 - 0x00007ffb8ada6000 	C:\WINDOWS\System32\OLEAUT32.dll
0x00007ffb72440000 - 0x00007ffb72479000 	C:\WINDOWS\SYSTEM32\dbgcore.DLL
0x00007ffb88bc0000 - 0x00007ffb88c59000 	C:\WINDOWS\System32\bcryptPrimitives.dll
0x00007ffb5ca90000 - 0x00007ffb5caae000 	C:\Program Files\Java\jdk-22\bin\java.dll
0x00007ffb890e0000 - 0x00007ffb897f5000 	C:\WINDOWS\System32\SHELL32.dll
0x00007ffb88510000 - 0x00007ffb88678000 	C:\WINDOWS\System32\wintypes.dll
0x00007ffb8a310000 - 0x00007ffb8a4a5000 	C:\WINDOWS\System32\ole32.dll

dbghelp: loaded successfully - version: 4.0.5 - missing functions: none
symbol engine: initialized successfully - sym options: 0x614 - pdb path: .;C:\Program Files\Java\jdk-22\bin;C:\WINDOWS\SYSTEM32;C:\WINDOWS\WinSxS\amd64_microsoft.windows.common-controls_6595b64144ccf1df_6.0.26100.3323_none_3e088096e3344490;C:\Program Files\Java\jdk-22\bin\server

VM Arguments:
jvm_args: -XX:+ShowCodeDetailsInExceptionMessages 
java_command: Buttons
java_class_path (initial): C:\Users\Sahil Kamble\AppData\Roaming\Cursor\User\workspaceStorage\82af98480070085961410f6e3af9f19b\redhat.java\jdt_ws\LevelEightK_6d37ea90\bin
Launcher Type: SUN_STANDARD

[Global flags]
     intx CICompilerCount                          = 12                                        {product} {ergonomic}
     uint ConcGCThreads                            = 3                                         {product} {ergonomic}
     uint G1ConcRefinementThreads                  = 13                                        {product} {ergonomic}
   size_t G1HeapRegionSize                         = 2097152                                   {product} {ergonomic}
   size_t InitialHeapSize                          = 257949696                                 {product} {ergonomic}
   size_t MarkStackSize                            = 4194304                                   {product} {ergonomic}
   size_t MaxHeapSize                              = 4118806528                                {product} {ergonomic}
   size_t MinHeapDeltaBytes                        = 2097152                                   {product} {ergonomic}
   size_t MinHeapSize                              = 8388608                                   {product} {ergonomic}
    uintx NonNMethodCodeHeapSize                   = 7602480                                {pd product} {ergonomic}
    uintx NonProfiledCodeHeapSize                  = 122027880                              {pd product} {ergonomic}
    uintx ProfiledCodeHeapSize                     = 122027880                              {pd product} {ergonomic}
    uintx ReservedCodeCacheSize                    = 251658240                              {pd product} {ergonomic}
     bool SegmentedCodeCache                       = true                                      {product} {ergonomic}
     bool ShowCodeDetailsInExceptionMessages       = true                                   {manageable} {command line}
   size_t SoftMaxHeapSize                          = 4118806528                             {manageable} {ergonomic}
     bool UseCompressedOops                        = true                           {product lp64_product} {ergonomic}
     bool UseG1GC                                  = true                                      {product} {ergonomic}
     bool UseLargePagesIndividualAllocation        = false                                  {pd product} {ergonomic}

Logging:
Log output configuration:
 #0: stdout all=warning uptime,level,tags foldmultilines=false
 #1: stderr all=off uptime,level,tags foldmultilines=false

Environment Variables:
JAVA_HOME=C:\Program Files\Java\jdk-22
PATH=C:\Users\Sahil Kamble\bin;C:\Program Files\Git\mingw64\bin;C:\Program Files\Git\usr\local\bin;C:\Program Files\Git\usr\bin;C:\Program Files\Git\usr\bin;C:\Program Files\Git\mingw64\bin;C:\Program Files\Git\usr\bin;C:\Users\Sahil Kamble\bin;C:\Python312\Scripts;C:\Python312;C:\Program Files\Common Files\Oracle\Java\javapath;C:\WINDOWS\system32;C:\WINDOWS;C:\WINDOWS\System32\Wbem;C:\WINDOWS\System32\WindowsPowerShell\v1.0;C:\WINDOWS\System32\OpenSSH;C:\MinGW\bin;C:\Program Files\Java\jdk-22\bin;C:\Program Files\nodejs\node_modules\npm\bin;C:\Program Files\Git\cmd;C:\Program Files\Git\mingw64\bin;C:\Program Files\Git\usr\bin;C:\ProgramData\chocolatey\bin;C:\Program Files\nodejs;C:\Program Files\MySQL\MySQL Shell 8.0\bin;C:\Users\Sahil Kamble\AppData\Local\Microsoft\WindowsApps;C:\Users\Sahil Kamble\AppData\Local\Programs\Microsoft VS Code\bin;C:\Program Files\JetBrains\IntelliJ IDEA Community Edition 2024.1.4\bin;C:\Users\Sahil Kamble\AppData\Roaming\npm;C:\Users\Sahil Kamble\AppData\Local\Programs\mongosh;C:\Users\Sahil Kamble\AppData\Local\Programs\cursor\resources\app\bin;C:\Program Files\Git\usr\bin\vendor_perl;C:\Program Files\Git\usr\bin\core_perl
USERNAME=Sahil Kamble
SHELL=C:\Program Files\Git\usr\bin\bash.exe
DISPLAY=needs-to-be-defined
LANG=en_US.UTF-8
TERM=xterm-256color
TMPDIR=C:\Users\SAHILK~1\AppData\Local\Temp
OS=Windows_NT
PROCESSOR_IDENTIFIER=AMD64 Family 25 Model 80 Stepping 0, AuthenticAMD
TMP=C:\Users\SAHILK~1\AppData\Local\Temp
TEMP=C:\Users\SAHILK~1\AppData\Local\Temp




Periodic native trim disabled

---------------  S Y S T E M  ---------------

OS:
 Windows 11 , 64 bit Build 26100 (10.0.26100.3323)
OS uptime: 0 days 4:09 hours
Hyper-V role detected

CPU: total 16 (initial active 16) (16 cores per cpu, 2 threads per core) family 25 model 80 stepping 0 microcode 0xa50000f, cx8, cmov, fxsr, ht, mmx, 3dnowpref, sse, sse2, sse3, ssse3, sse4a, sse4.1, sse4.2, popcnt, lzcnt, tsc, tscinvbit, avx, avx2, aes, erms, clmul, bmi1, bmi2, adx, sha, fma, vzeroupper, clflush, clflushopt, hv, rdtscp, rdpid, fsrm, f16c, cet_ss
Processor Information for all 16 processors :
  Max Mhz: 2000, Current Mhz: 2000, Mhz Limit: 2000

Memory: 4k page, system-wide physical 15711M (6378M free)
TotalPageFile size 64863M (AvailPageFile size 97M)
current process WorkingSet (physical memory assigned to process): 13M, peak: 13M
current process commit charge ("private bytes"): 71M, peak: 317M

vm_info: Java HotSpot(TM) 64-Bit Server VM (22.0.1+8-16) for windows-amd64 JRE (22.0.1+8-16), built on 2024-03-12T10:33:16Z by "mach5one" with MS VC++ 17.6 (VS2022)

END.
